<?xml version="1.0" encoding="UTF-8"?>
<!-- Generated by org.testng.reporters.JUnitReportReporter -->
<testsuite hostname="Chris_Windows" name="aera.test.TestSearchFlight" tests="1" failures="0" timestamp="17 Dec 2019 08:13:22 GMT" time="37.009" errors="0">
  <testcase name="bookFlightTicket" time="37.009" classname="aera.test.TestSearchFlight"/>
</testsuite> <!-- aera.test.TestSearchFlight -->
